<?xml version="1.0" encoding="UTF-8"?>
<testsuite xmlns:xsi="http://www.w3.org/2001/XMLSchema-instance" xsi:noNamespaceSchemaLocation="https://maven.apache.org/surefire/maven-surefire-plugin/xsd/surefire-test-report-3.0.xsd" version="3.0" name="com.example.emp.SampleApplication2ApplicationTests" time="19.535" tests="1" errors="0" skipped="0" failures="0">
  <properties>
[...]
</properties>
  <testcase name="contextLoads" classname="com.example.emp.SampleApplication2ApplicationTests" time="0.917">
    <system-out><![CDATA[08:32:26.924 [main] INFO org.springframework.test.context.support.AnnotationConfigContextLoaderUtils -- Could not detect default configuration classes for test class [com.example.emp.SampleApplication2ApplicationTests]: SampleApplication2ApplicationTests does not declare any static, non-private, non-final, nested classes annotated with @Configuration.
08:32:27.229 [main] INFO org.springframework.boot.test.context.SpringBootTestContextBootstrapper -- Found @SpringBootConfiguration com.example.emp.SampleApplication2Application for test class com.example.emp.SampleApplication2ApplicationTests

  .   ____          _            __ _ _
 /\\ / ___'_ __ _ _(_)_ __  __ _ \ \ \ \
( ( )\___ | '_ | '_| | '_ \/ _` | \ \ \ \
 \\/  ___)| |_)| | | | | || (_| |  ) ) ) )
  '  |____| .__|_| |_|_| |_\__, | / / / /
 =========|_|==============|___/=/_/_/_/
 :: Spring Boot ::                (v3.1.5)

2023-11-07T08:32:32.577Z  INFO 10440 --- [           main] c.e.e.SampleApplication2ApplicationTests : Starting SampleApplication2ApplicationTests using Java 17.0.9 with PID 10440 (started by javavm in C:\java-poc\javapocclone\sampleApplication2)
2023-11-07T08:32:32.580Z  INFO 10440 --- [           main] c.e.e.SampleApplication2ApplicationTests : No active profile set, falling back to 1 default profile: "default"
2023-11-07T08:32:32.871Z DEBUG 10440 --- [           main] o.s.c.a.ClassPathBeanDefinitionScanner   : Identified candidate component class: file [C:\java-poc\javapocclone\sampleApplication2\target\classes\com\example\emp\controller\KeyVaultManuallyConfiguredClient.class]
2023-11-07T08:32:32.891Z DEBUG 10440 --- [           main] o.s.c.a.ClassPathBeanDefinitionScanner   : Identified candidate component class: file [C:\java-poc\javapocclone\sampleApplication2\target\classes\com\example\emp\controller\StudentController.class]
2023-11-07T08:32:32.898Z DEBUG 10440 --- [           main] o.s.c.a.ClassPathBeanDefinitionScanner   : Ignored because not a concrete top-level class: file [C:\java-poc\javapocclone\sampleApplication2\target\classes\com\example\emp\repository\StudentRepository.class]
2023-11-07T08:32:32.899Z DEBUG 10440 --- [           main] o.s.c.a.ClassPathBeanDefinitionScanner   : Ignored because not a concrete top-level class: file [C:\java-poc\javapocclone\sampleApplication2\target\classes\com\example\emp\repository\UserRepository.class]
2023-11-07T08:32:32.902Z DEBUG 10440 --- [           main] o.s.c.a.ClassPathBeanDefinitionScanner   : Identified candidate component class: file [C:\java-poc\javapocclone\sampleApplication2\target\classes\com\example\emp\service\Consumer.class]
2023-11-07T08:32:32.903Z DEBUG 10440 --- [           main] o.s.c.a.ClassPathBeanDefinitionScanner   : Identified candidate component class: file [C:\java-poc\javapocclone\sampleApplication2\target\classes\com\example\emp\service\Producer.class]
2023-11-07T08:32:32.904Z DEBUG 10440 --- [           main] o.s.c.a.ClassPathBeanDefinitionScanner   : Identified candidate component class: file [C:\java-poc\javapocclone\sampleApplication2\target\classes\com\example\emp\service\StudentService.class]
2023-11-07T08:32:32.905Z DEBUG 10440 --- [           main] o.s.c.a.ClassPathBeanDefinitionScanner   : Identified candidate component class: file [C:\java-poc\javapocclone\sampleApplication2\target\classes\com\example\emp\service\UserService.class]
2023-11-07T08:32:34.133Z  INFO 10440 --- [           main] .s.d.r.c.RepositoryConfigurationDelegate : Bootstrapping Spring Data JPA repositories in DEFAULT mode.
2023-11-07T08:32:34.270Z  INFO 10440 --- [           main] .s.d.r.c.RepositoryConfigurationDelegate : Finished Spring Data repository scanning in 124 ms. Found 2 JPA repository interfaces.
2023-11-07T08:32:35.351Z  INFO 10440 --- [           main] com.zaxxer.hikari.HikariDataSource       : HikariPool-1 - Starting...
2023-11-07T08:32:36.022Z  INFO 10440 --- [           main] com.zaxxer.hikari.pool.HikariPool        : HikariPool-1 - Added connection com.mysql.cj.jdbc.ConnectionImpl@39ae6408
2023-11-07T08:32:36.025Z  INFO 10440 --- [           main] com.zaxxer.hikari.HikariDataSource       : HikariPool-1 - Start completed.
2023-11-07T08:32:36.115Z  INFO 10440 --- [           main] o.hibernate.jpa.internal.util.LogHelper  : HHH000204: Processing PersistenceUnitInfo [name: default]
2023-11-07T08:32:36.217Z  INFO 10440 --- [           main] org.hibernate.Version                    : HHH000412: Hibernate ORM core version 6.2.13.Final
2023-11-07T08:32:36.221Z  INFO 10440 --- [           main] org.hibernate.cfg.Environment            : HHH000406: Using bytecode reflection optimizer
2023-11-07T08:32:36.954Z  INFO 10440 --- [           main] o.s.o.j.p.SpringPersistenceUnitInfo      : No LoadTimeWeaver setup: ignoring JPA class transformer
2023-11-07T08:32:37.212Z  WARN 10440 --- [           main] org.hibernate.dialect.Dialect            : HHH000511: The 5.6.47 version for [org.hibernate.dialect.MySQLDialect] is no longer supported, hence certain features may not work properly. The minimum supported version is 5.7.0. Check the community dialects project for available legacy versions.
2023-11-07T08:32:39.677Z  INFO 10440 --- [           main] o.h.e.t.j.p.i.JtaPlatformInitiator       : HHH000489: No JTA platform available (set 'hibernate.transaction.jta.platform' to enable JTA platform integration)
2023-11-07T08:32:39.682Z  INFO 10440 --- [           main] j.LocalContainerEntityManagerFactoryBean : Initialized JPA EntityManagerFactory for persistence unit 'default'
2023-11-07T08:32:40.804Z  INFO 10440 --- [           main] o.s.b.a.w.s.WelcomePageHandlerMapping    : Adding welcome page: ServletContext resource [/index.html]
2023-11-07T08:32:41.412Z DEBUG 10440 --- [           main] o.s.c.support.DefaultLifecycleProcessor  : Starting beans in phase -2147483648
2023-11-07T08:32:41.413Z DEBUG 10440 --- [           main] o.s.c.support.DefaultLifecycleProcessor  : Successfully started bean 'kafkaProducerFactory'
2023-11-07T08:32:41.413Z DEBUG 10440 --- [           main] o.s.c.support.DefaultLifecycleProcessor  : Starting beans in phase -2147483647
2023-11-07T08:32:41.414Z DEBUG 10440 --- [           main] o.s.c.support.DefaultLifecycleProcessor  : Successfully started bean 'springBootLoggingLifecycle'
2023-11-07T08:32:41.414Z DEBUG 10440 --- [           main] o.s.c.support.DefaultLifecycleProcessor  : Starting beans in phase 2147483547
2023-11-07T08:32:41.414Z DEBUG 10440 --- [           main] o.s.c.support.DefaultLifecycleProcessor  : Successfully started bean 'org.springframework.kafka.config.internalKafkaListenerEndpointRegistry'
2023-11-07T08:32:41.435Z  INFO 10440 --- [           main] c.e.e.SampleApplication2ApplicationTests : Started SampleApplication2ApplicationTests in 13.922 seconds (process running for 16.303)
Url from property file: https://javapockeyvault1.vault.azure.net/
2023-11-07T08:32:42.434Z  INFO 10440 --- [      Thread-10] c.azure.identity.ClientSecretCredential  : Azure Identity => getToken() result for scopes [https://vault.azure.net/.default]: SUCCESS
2023-11-07T08:32:42.435Z  INFO 10440 --- [      Thread-10] c.a.c.implementation.AccessTokenCache    : Acquired a new access token.
Hey, our secret is here ->admin@123456
Hey, our secret is here from application properties file ->admin@123456
]]></system-out>
  </testcase>
</testsuite>